<?xml version="1.0" encoding="utf-8"?><testsuites name="pytest tests"><testsuite name="pytest" errors="0" failures="0" skipped="0" tests="29" time="1.493" timestamp="2026-08-11T10:51:52.756213+00:00" hostname="agent-env-fe4eea3d-e3fc-4157-b144-87aa7af283e0"><testcase classname="tests.test_oem_fitments.TestDropdowns" name="test_categories_endpoint" time="0.253" /><testcase classname="tests.test_oem_fitments.TestAdminList" name="test_admin_list_pagination" time="0.256" /><testcase classname="tests.test_oem_fitments.TestDropdowns" name="test_makes_for_suv" time="0.045" /><testcase classname="tests.test_oem_fitments.TestAdminList" name="test_admin_list_needs_review" time="0.070" /><testcase classname="tests.test_oem_fitments.TestDropdowns" name="test_makes_for_uncategorised" time="0.045" /><testcase classname="tests.test_oem_fitments.TestAdminList" name="test_admin_list_filter_suv_hyundai" time="0.043" /><testcase classname="tests.test_oem_fitments.TestDropdowns" name="test_models_hyundai_includes_creta_electric" time="0.045" /><testcase classname="tests.test_oem_fitments.TestAdminList" name="test_admin_get_valid_id" time="0.123" /><testcase classname="tests.test_oem_fitments.TestDropdowns" name="test_variants_hyundai_creta_electric" time="0.040" /><testcase classname="tests.test_oem_fitments.TestDropdowns" name="test_years_hyundai_creta_electric_42kwh" time="0.080" /><testcase classname="tests.test_oem_fitments.TestAdminList" name="test_admin_get_unknown_id_404" time="0.084" /><testcase classname="tests.test_oem_fitments.TestRegression" name="test_root" time="0.041" /><testcase classname="tests.test_oem_fitments.TestRegression" name="test_status_post" time="0.058" /><testcase classname="tests.test_oem_fitments.TestAdminList" name="test_original_tyre_size_preserved" time="0.042" /><testcase classname="tests.test_oem_fitments.TestRegression" name="test_purchases_check_duplicate" time="0.047" /><testcase classname="tests.test_oem_fitments.TestNoWriteEndpoints" name="test_admin_post_not_allowed" time="0.081" /><testcase classname="tests.test_oem_fitments.TestRegression" name="test_purchases_index" time="0.045" /><testcase classname="tests.test_oem_fitments.TestNoWriteEndpoints" name="test_admin_put_not_allowed" time="0.042" /><testcase classname="tests.test_oem_fitments.TestRegression" name="test_ocr_invoice_empty_payload" time="0.041" /><testcase classname="tests.test_oem_fitments.TestNoWriteEndpoints" name="test_admin_delete_not_allowed" time="0.041" /><testcase classname="tests.test_oem_fitments.TestRegression" name="test_ocr_invoice_missing_field" time="0.083" /><testcase classname="tests.test_oem_fitments.TestNoWriteEndpoints" name="test_fitments_post_not_allowed" time="0.040" /><testcase classname="tests.test_oem_fitments.TestInvariants" name="test_health_total_is_450" time="0.044" /><testcase classname="tests.test_oem_fitments.TestSearchBySize" name="test_size_variants_return_same_normalized" time="0.183" /><testcase classname="tests.test_oem_fitments.TestInvariants" name="test_stats_totals_and_breakdown" time="0.043" /><testcase classname="tests.test_oem_fitments.TestFitments" name="test_fitments_creta_electric_42kwh" time="0.081" /><testcase classname="tests.test_oem_fitments.TestFitments" name="test_fitments_unique_with_year" time="0.085" /><testcase classname="tests.test_oem_fitments.TestSearchBySize" name="test_honda_qc1_front_neq_rear" time="0.079" /><testcase classname="tests.test_oem_fitments.TestSearchBySize" name="test_empty_size_rejected" time="0.042" /></testsuite></testsuites>